# JRE version: Java(TM) SE Runtime Environment (12.0.2+10) (build 12.0.2+10)
# Java VM: Java HotSpot(TM) 64-Bit Server VM (12.0.2+10, mixed mode, sharing, tiered, compressed oops, g1 gc, windows-amd64)
Heap:
 garbage-first heap   total 467968K, used 341843K [0x00000000e0000000, 0x0000000100000000)
  region size 1024K, 78 young (79872K), 12 survivors (12288K)
 Metaspace       used 76373K, capacity 79276K, committed 79664K, reserved 323584K
  class space    used 9063K, capacity 10083K, committed 10144K, reserved 253952K
GC Heap History (10 events):
Event: 2396.143 GC heap before
{Heap before GC invocations=177 (full 0):
 garbage-first heap   total 467968K, used 399695K [0x00000000e0000000, 0x0000000100000000)
  region size 1024K, 152 young (155648K), 11 survivors (11264K)
 Metaspace       used 76311K, capacity 79135K, committed 79408K, reserved 323584K
  class space    used 9060K, capacity 10079K, committed 10144K, reserved 253952K
}
Event: 2396.151 GC heap after
{Heap after GC invocations=178 (full 0):
 garbage-first heap   total 467968K, used 257024K [0x00000000e0000000, 0x0000000100000000)
  region size 1024K, 12 young (12288K), 12 survivors (12288K)
 Metaspace       used 76311K, capacity 79135K, committed 79408K, reserved 323584K
  class space    used 9060K, capacity 10079K, committed 10144K, reserved 253952K
}
Event: 2396.640 GC heap before
{Heap before GC invocations=178 (full 0):
 garbage-first heap   total 467968K, used 403456K [0x00000000e0000000, 0x0000000100000000)
  region size 1024K, 155 young (158720K), 12 survivors (12288K)
 Metaspace       used 76311K, capacity 79135K, committed 79408K, reserved 323584K
  class space    used 9060K, capacity 10079K, committed 10144K, reserved 253952K
}
Event: 2396.649 GC heap after
{Heap after GC invocations=179 (full 0):
 garbage-first heap   total 467968K, used 257323K [0x00000000e0000000, 0x0000000100000000)
  region size 1024K, 9 young (9216K), 9 survivors (9216K)
 Metaspace       used 76311K, capacity 79135K, committed 79408K, reserved 323584K
  class space    used 9060K, capacity 10079K, committed 10144K, reserved 253952K
}
Event: 2397.803 GC heap before
{Heap before GC invocations=179 (full 0):
 garbage-first heap   total 467968K, used 403755K [0x00000000e0000000, 0x0000000100000000)
  region size 1024K, 153 young (156672K), 9 survivors (9216K)
 Metaspace       used 76314K, capacity 79135K, committed 79408K, reserved 323584K
  class space    used 9060K, capacity 10079K, committed 10144K, reserved 253952K
}
Event: 2397.816 GC heap after
{Heap after GC invocations=180 (full 0):
 garbage-first heap   total 467968K, used 264942K [0x00000000e0000000, 0x0000000100000000)
  region size 1024K, 17 young (17408K), 17 survivors (17408K)
 Metaspace       used 76314K, capacity 79135K, committed 79408K, reserved 323584K
  class space    used 9060K, capacity 10079K, committed 10144K, reserved 253952K
}
Event: 2398.444 GC heap before
{Heap before GC invocations=180 (full 0):
 garbage-first heap   total 467968K, used 402158K [0x00000000e0000000, 0x0000000100000000)
  region size 1024K, 151 young (154624K), 17 survivors (17408K)
 Metaspace       used 76314K, capacity 79135K, committed 79408K, reserved 323584K
  class space    used 9060K, capacity 10079K, committed 10144K, reserved 253952K
}
Event: 2398.465 GC heap after
{Heap after GC invocations=181 (full 0):
 garbage-first heap   total 467968K, used 270628K [0x00000000e0000000, 0x0000000100000000)
  region size 1024K, 15 young (15360K), 15 survivors (15360K)
 Metaspace       used 76314K, capacity 79135K, committed 79408K, reserved 323584K
  class space    used 9060K, capacity 10079K, committed 10144K, reserved 253952K
}
Event: 2400.649 GC heap before
{Heap before GC invocations=181 (full 0):
 garbage-first heap   total 467968K, used 402724K [0x00000000e0000000, 0x0000000100000000)
  region size 1024K, 145 young (148480K), 15 survivors (15360K)
 Metaspace       used 76334K, capacity 79212K, committed 79408K, reserved 323584K
  class space    used 9063K, capacity 10083K, committed 10144K, reserved 253952K
}
Event: 2400.666 GC heap after
{Heap after GC invocations=182 (full 0):
 garbage-first heap   total 467968K, used 276307K [0x00000000e0000000, 0x0000000100000000)
  region size 1024K, 12 young (12288K), 12 survivors (12288K)
 Metaspace       used 76334K, capacity 79212K, committed 79408K, reserved 323584K
  class space    used 9063K, capacity 10083K, committed 10144K, reserved 253952K
}

